[debug] [2021-06-09T02:02:06.449Z] ----------------------------------------------------------------------
[debug] [2021-06-09T02:02:06.451Z] Command:       C:\Program Files (x86)\nodejs\node.exe C:\Users\AJ\AppData\Roaming\npm\node_modules\firebase-tools\lib\bin\firebase.js init
[debug] [2021-06-09T02:02:06.451Z] CLI Version:   9.12.1
[debug] [2021-06-09T02:02:06.451Z] Platform:      win32
[debug] [2021-06-09T02:02:06.451Z] Node Version:  v14.17.0
[debug] [2021-06-09T02:02:06.452Z] Time:          Tue Jun 08 2021 22:02:06 GMT-0400 (Eastern Daylight Time)
[debug] [2021-06-09T02:02:06.452Z] ----------------------------------------------------------------------
[debug] 
[debug] [2021-06-09T02:02:06.456Z] > command requires scopes: ["email","openid","https://www.googleapis.com/auth/cloudplatformprojects.readonly","https://www.googleapis.com/auth/firebase","https://www.googleapis.com/auth/cloud-platform"]
[debug] [2021-06-09T02:02:06.457Z] > authorizing via signed-in user (xtygaz@gmail.com)
[info] 
     ######## #### ########  ######## ########     ###     ######  ########
     ##        ##  ##     ## ##       ##     ##  ##   ##  ##       ##
     ######    ##  ########  ######   ########  #########  ######  ######
     ##        ##  ##    ##  ##       ##     ## ##     ##       ## ##
     ##       #### ##     ## ######## ########  ##     ##  ######  ########

You're about to initialize a Firebase project in this directory:

  C:\src\gmail-react-clone

Before we get started, keep in mind:

  * You are currently outside your home directory

[info] 
=== Project Setup
[info] 
[info] First, let's associate this project directory with a Firebase project.
[info] You can create multiple project aliases by running firebase use --add, 
[info] but for now we'll just set up a default project.
[info] 
[debug] [2021-06-09T02:02:42.917Z] > refreshing access token with scopes: []
[debug] [2021-06-09T02:02:42.917Z] >>> HTTP REQUEST POST https://www.googleapis.com/oauth2/v3/token  
 <request body omitted>
[debug] [2021-06-09T02:02:43.142Z] <<< HTTP RESPONSE 200 {"pragma":"no-cache","date":"Wed, 09 Jun 2021 02:02:43 GMT","cache-control":"no-cache, no-store, max-age=0, must-revalidate","expires":"Mon, 01 Jan 1990 00:00:00 GMT","content-type":"application/json; charset=utf-8","vary":"X-Origin, Referer, Origin,Accept-Encoding","server":"scaffolding on HTTPServer2","x-xss-protection":"0","x-frame-options":"SAMEORIGIN","x-content-type-options":"nosniff","alt-svc":"h3-29=\":443\"; ma=2592000,h3-T051=\":443\"; ma=2592000,h3-Q050=\":443\"; ma=2592000,h3-Q046=\":443\"; ma=2592000,h3-Q043=\":443\"; ma=2592000,quic=\":443\"; ma=2592000; v=\"46,43\"","accept-ranges":"none","transfer-encoding":"chunked"}
[debug] [2021-06-09T02:02:43.152Z] >>> [apiv2][query] GET https://firebase.googleapis.com/v1beta1/projects pageSize=100
[debug] [2021-06-09T02:02:43.513Z] <<< [apiv2][status] GET https://firebase.googleapis.com/v1beta1/projects 200
[debug] [2021-06-09T02:02:43.513Z] <<< [apiv2][body] GET https://firebase.googleapis.com/v1beta1/projects [omitted]
[info] i  Using project react-clone-b157a (gmail-react-clone) 
[info] 
=== Hosting Setup
[info] 
[info] Your public directory is the folder (relative to your project directory) that
[info] will contain Hosting assets to be uploaded with firebase deploy. If you
[info] have a build process for your assets, use your build's output directory.
[info] 
